[0.657s] Invoking command in '/home/ammar/roboschool/ros2_isaac_bridge/ros2_ws/src/ros2_bridge_pkg': DEBUGINFOD_URLS=https://debuginfod.ubuntu.com PYTHONPATH=/home/ammar/roboschool/ros2_isaac_bridge/ros2_ws/build/ros2_bridge_pkg/prefix_override:/usr/lib/python3/dist-packages/colcon_core/task/python/colcon_distutils_commands:/home/ammar/roboschool/ros2_isaac_bridge/ros2_ws/install/ros2_bridge_pkg/lib/python3.12/site-packages:${PYTHONPATH} /usr/bin/python3 -W ignore:setup.py install is deprecated -W ignore:easy_install command is deprecated setup.py egg_info --egg-base ../../build/ros2_bridge_pkg build --build-base /home/ammar/roboschool/ros2_isaac_bridge/ros2_ws/build/ros2_bridge_pkg/build install --record /home/ammar/roboschool/ros2_isaac_bridge/ros2_ws/build/ros2_bridge_pkg/install.log --single-version-externally-managed install_data
[0.873s] running egg_info
[0.890s] writing ../../build/ros2_bridge_pkg/ros2_bridge_pkg.egg-info/PKG-INFO
[0.891s] writing dependency_links to ../../build/ros2_bridge_pkg/ros2_bridge_pkg.egg-info/dependency_links.txt
[0.891s] writing entry points to ../../build/ros2_bridge_pkg/ros2_bridge_pkg.egg-info/entry_points.txt
[0.891s] writing requirements to ../../build/ros2_bridge_pkg/ros2_bridge_pkg.egg-info/requires.txt
[0.891s] writing top-level names to ../../build/ros2_bridge_pkg/ros2_bridge_pkg.egg-info/top_level.txt
[0.927s] reading manifest file '../../build/ros2_bridge_pkg/ros2_bridge_pkg.egg-info/SOURCES.txt'
[0.927s] writing manifest file '../../build/ros2_bridge_pkg/ros2_bridge_pkg.egg-info/SOURCES.txt'
[0.927s] running build
[0.928s] running build_py
[0.928s] copying ros2_bridge_pkg/bridge_node.py -> /home/ammar/roboschool/ros2_isaac_bridge/ros2_ws/build/ros2_bridge_pkg/build/lib/ros2_bridge_pkg
[0.928s] running install
[0.933s] running install_lib
[0.951s] copying /home/ammar/roboschool/ros2_isaac_bridge/ros2_ws/build/ros2_bridge_pkg/build/lib/ros2_bridge_pkg/bridge_node.py -> /home/ammar/roboschool/ros2_isaac_bridge/ros2_ws/install/ros2_bridge_pkg/lib/python3.12/site-packages/ros2_bridge_pkg
[0.951s] byte-compiling /home/ammar/roboschool/ros2_isaac_bridge/ros2_ws/install/ros2_bridge_pkg/lib/python3.12/site-packages/ros2_bridge_pkg/bridge_node.py to bridge_node.cpython-312.pyc
[0.953s] running install_data
[0.953s] running install_egg_info
[0.972s] removing '/home/ammar/roboschool/ros2_isaac_bridge/ros2_ws/install/ros2_bridge_pkg/lib/python3.12/site-packages/ros2_bridge_pkg-0.0.0-py3.12.egg-info' (and everything under it)
[0.972s] Copying ../../build/ros2_bridge_pkg/ros2_bridge_pkg.egg-info to /home/ammar/roboschool/ros2_isaac_bridge/ros2_ws/install/ros2_bridge_pkg/lib/python3.12/site-packages/ros2_bridge_pkg-0.0.0-py3.12.egg-info
[0.973s] running install_scripts
[1.094s] Installing bridge_node script to /home/ammar/roboschool/ros2_isaac_bridge/ros2_ws/install/ros2_bridge_pkg/lib/ros2_bridge_pkg
[1.094s] writing list of installed files to '/home/ammar/roboschool/ros2_isaac_bridge/ros2_ws/build/ros2_bridge_pkg/install.log'
[1.125s] Invoked command in '/home/ammar/roboschool/ros2_isaac_bridge/ros2_ws/src/ros2_bridge_pkg' returned '0': DEBUGINFOD_URLS=https://debuginfod.ubuntu.com PYTHONPATH=/home/ammar/roboschool/ros2_isaac_bridge/ros2_ws/build/ros2_bridge_pkg/prefix_override:/usr/lib/python3/dist-packages/colcon_core/task/python/colcon_distutils_commands:/home/ammar/roboschool/ros2_isaac_bridge/ros2_ws/install/ros2_bridge_pkg/lib/python3.12/site-packages:${PYTHONPATH} /usr/bin/python3 -W ignore:setup.py install is deprecated -W ignore:easy_install command is deprecated setup.py egg_info --egg-base ../../build/ros2_bridge_pkg build --build-base /home/ammar/roboschool/ros2_isaac_bridge/ros2_ws/build/ros2_bridge_pkg/build install --record /home/ammar/roboschool/ros2_isaac_bridge/ros2_ws/build/ros2_bridge_pkg/install.log --single-version-externally-managed install_data
