running egg_info
writing ../../build/ros2_bridge_pkg/ros2_bridge_pkg.egg-info/PKG-INFO
writing dependency_links to ../../build/ros2_bridge_pkg/ros2_bridge_pkg.egg-info/dependency_links.txt
writing entry points to ../../build/ros2_bridge_pkg/ros2_bridge_pkg.egg-info/entry_points.txt
writing requirements to ../../build/ros2_bridge_pkg/ros2_bridge_pkg.egg-info/requires.txt
writing top-level names to ../../build/ros2_bridge_pkg/ros2_bridge_pkg.egg-info/top_level.txt
reading manifest file '../../build/ros2_bridge_pkg/ros2_bridge_pkg.egg-info/SOURCES.txt'
writing manifest file '../../build/ros2_bridge_pkg/ros2_bridge_pkg.egg-info/SOURCES.txt'
running build
running build_py
copying ros2_bridge_pkg/bridge_node.py -> /home/ammar/roboschool/ros2_isaac_bridge/ros2_ws/build/ros2_bridge_pkg/build/lib/ros2_bridge_pkg
running install
running install_lib
copying /home/ammar/roboschool/ros2_isaac_bridge/ros2_ws/build/ros2_bridge_pkg/build/lib/ros2_bridge_pkg/bridge_node.py -> /home/ammar/roboschool/ros2_isaac_bridge/ros2_ws/install/ros2_bridge_pkg/lib/python3.12/site-packages/ros2_bridge_pkg
byte-compiling /home/ammar/roboschool/ros2_isaac_bridge/ros2_ws/install/ros2_bridge_pkg/lib/python3.12/site-packages/ros2_bridge_pkg/bridge_node.py to bridge_node.cpython-312.pyc
running install_data
running install_egg_info
removing '/home/ammar/roboschool/ros2_isaac_bridge/ros2_ws/install/ros2_bridge_pkg/lib/python3.12/site-packages/ros2_bridge_pkg-0.0.0-py3.12.egg-info' (and everything under it)
Copying ../../build/ros2_bridge_pkg/ros2_bridge_pkg.egg-info to /home/ammar/roboschool/ros2_isaac_bridge/ros2_ws/install/ros2_bridge_pkg/lib/python3.12/site-packages/ros2_bridge_pkg-0.0.0-py3.12.egg-info
running install_scripts
Installing bridge_node script to /home/ammar/roboschool/ros2_isaac_bridge/ros2_ws/install/ros2_bridge_pkg/lib/ros2_bridge_pkg
writing list of installed files to '/home/ammar/roboschool/ros2_isaac_bridge/ros2_ws/build/ros2_bridge_pkg/install.log'
