[0.925s] Invoking command in '/home/ammar/roboschool/ros2_isaac_bridge/ros2_ws/src/ros2_bridge_pkg': DEBUGINFOD_URLS=https://debuginfod.ubuntu.com PYTHONPATH=/home/ammar/roboschool/ros2_isaac_bridge/ros2_ws/build/ros2_bridge_pkg/prefix_override:/usr/lib/python3/dist-packages/colcon_core/task/python/colcon_distutils_commands:/home/ammar/roboschool/ros2_isaac_bridge/ros2_ws/install/ros2_bridge_pkg/lib/python3.12/site-packages:${PYTHONPATH} /usr/bin/python3 -W ignore:setup.py install is deprecated -W ignore:easy_install command is deprecated setup.py egg_info --egg-base ../../build/ros2_bridge_pkg build --build-base /home/ammar/roboschool/ros2_isaac_bridge/ros2_ws/build/ros2_bridge_pkg/build install --record /home/ammar/roboschool/ros2_isaac_bridge/ros2_ws/build/ros2_bridge_pkg/install.log --single-version-externally-managed install_data
[1.130s] running egg_info
[1.130s] creating ../../build/ros2_bridge_pkg/ros2_bridge_pkg.egg-info
[1.145s] writing ../../build/ros2_bridge_pkg/ros2_bridge_pkg.egg-info/PKG-INFO
[1.146s] writing dependency_links to ../../build/ros2_bridge_pkg/ros2_bridge_pkg.egg-info/dependency_links.txt
[1.146s] writing entry points to ../../build/ros2_bridge_pkg/ros2_bridge_pkg.egg-info/entry_points.txt
[1.146s] writing requirements to ../../build/ros2_bridge_pkg/ros2_bridge_pkg.egg-info/requires.txt
[1.146s] writing top-level names to ../../build/ros2_bridge_pkg/ros2_bridge_pkg.egg-info/top_level.txt
[1.146s] writing manifest file '../../build/ros2_bridge_pkg/ros2_bridge_pkg.egg-info/SOURCES.txt'
[1.177s] reading manifest file '../../build/ros2_bridge_pkg/ros2_bridge_pkg.egg-info/SOURCES.txt'
[1.177s] writing manifest file '../../build/ros2_bridge_pkg/ros2_bridge_pkg.egg-info/SOURCES.txt'
[1.178s] running build
[1.178s] running build_py
[1.178s] creating /home/ammar/roboschool/ros2_isaac_bridge/ros2_ws/build/ros2_bridge_pkg/build
[1.178s] creating /home/ammar/roboschool/ros2_isaac_bridge/ros2_ws/build/ros2_bridge_pkg/build/lib
[1.178s] creating /home/ammar/roboschool/ros2_isaac_bridge/ros2_ws/build/ros2_bridge_pkg/build/lib/ros2_bridge_pkg
[1.178s] copying ros2_bridge_pkg/bridge_node.py -> /home/ammar/roboschool/ros2_isaac_bridge/ros2_ws/build/ros2_bridge_pkg/build/lib/ros2_bridge_pkg
[1.178s] copying ros2_bridge_pkg/__init__.py -> /home/ammar/roboschool/ros2_isaac_bridge/ros2_ws/build/ros2_bridge_pkg/build/lib/ros2_bridge_pkg
[1.178s] running install
[1.183s] running install_lib
[1.199s] creating /home/ammar/roboschool/ros2_isaac_bridge/ros2_ws/install/ros2_bridge_pkg/lib/python3.12/site-packages/ros2_bridge_pkg
[1.199s] copying /home/ammar/roboschool/ros2_isaac_bridge/ros2_ws/build/ros2_bridge_pkg/build/lib/ros2_bridge_pkg/bridge_node.py -> /home/ammar/roboschool/ros2_isaac_bridge/ros2_ws/install/ros2_bridge_pkg/lib/python3.12/site-packages/ros2_bridge_pkg
[1.199s] copying /home/ammar/roboschool/ros2_isaac_bridge/ros2_ws/build/ros2_bridge_pkg/build/lib/ros2_bridge_pkg/__init__.py -> /home/ammar/roboschool/ros2_isaac_bridge/ros2_ws/install/ros2_bridge_pkg/lib/python3.12/site-packages/ros2_bridge_pkg
[1.199s] byte-compiling /home/ammar/roboschool/ros2_isaac_bridge/ros2_ws/install/ros2_bridge_pkg/lib/python3.12/site-packages/ros2_bridge_pkg/bridge_node.py to bridge_node.cpython-312.pyc
[1.200s] byte-compiling /home/ammar/roboschool/ros2_isaac_bridge/ros2_ws/install/ros2_bridge_pkg/lib/python3.12/site-packages/ros2_bridge_pkg/__init__.py to __init__.cpython-312.pyc
[1.200s] running install_data
[1.200s] creating /home/ammar/roboschool/ros2_isaac_bridge/ros2_ws/install/ros2_bridge_pkg/share/ament_index
[1.200s] creating /home/ammar/roboschool/ros2_isaac_bridge/ros2_ws/install/ros2_bridge_pkg/share/ament_index/resource_index
[1.200s] creating /home/ammar/roboschool/ros2_isaac_bridge/ros2_ws/install/ros2_bridge_pkg/share/ament_index/resource_index/packages
[1.201s] copying resource/ros2_bridge_pkg -> /home/ammar/roboschool/ros2_isaac_bridge/ros2_ws/install/ros2_bridge_pkg/share/ament_index/resource_index/packages
[1.201s] copying package.xml -> /home/ammar/roboschool/ros2_isaac_bridge/ros2_ws/install/ros2_bridge_pkg/share/ros2_bridge_pkg
[1.201s] running install_egg_info
[1.218s] Copying ../../build/ros2_bridge_pkg/ros2_bridge_pkg.egg-info to /home/ammar/roboschool/ros2_isaac_bridge/ros2_ws/install/ros2_bridge_pkg/lib/python3.12/site-packages/ros2_bridge_pkg-0.0.0-py3.12.egg-info
[1.218s] running install_scripts
[1.325s] Installing bridge_node script to /home/ammar/roboschool/ros2_isaac_bridge/ros2_ws/install/ros2_bridge_pkg/lib/ros2_bridge_pkg
[1.325s] writing list of installed files to '/home/ammar/roboschool/ros2_isaac_bridge/ros2_ws/build/ros2_bridge_pkg/install.log'
[1.348s] Invoked command in '/home/ammar/roboschool/ros2_isaac_bridge/ros2_ws/src/ros2_bridge_pkg' returned '0': DEBUGINFOD_URLS=https://debuginfod.ubuntu.com PYTHONPATH=/home/ammar/roboschool/ros2_isaac_bridge/ros2_ws/build/ros2_bridge_pkg/prefix_override:/usr/lib/python3/dist-packages/colcon_core/task/python/colcon_distutils_commands:/home/ammar/roboschool/ros2_isaac_bridge/ros2_ws/install/ros2_bridge_pkg/lib/python3.12/site-packages:${PYTHONPATH} /usr/bin/python3 -W ignore:setup.py install is deprecated -W ignore:easy_install command is deprecated setup.py egg_info --egg-base ../../build/ros2_bridge_pkg build --build-base /home/ammar/roboschool/ros2_isaac_bridge/ros2_ws/build/ros2_bridge_pkg/build install --record /home/ammar/roboschool/ros2_isaac_bridge/ros2_ws/build/ros2_bridge_pkg/install.log --single-version-externally-managed install_data
