[0.102s] DEBUG:colcon:Command line arguments: ['/usr/bin/colcon', 'build', '--symlink-install']
[0.102s] DEBUG:colcon:Parsed command line arguments: Namespace(log_base=None, log_level=None, verb_name='build', build_base='build', install_base='install', merge_install=False, symlink_install=True, test_result_base=None, continue_on_error=False, executor='parallel', parallel_workers=12, event_handlers=None, ignore_user_meta=False, metas=['./colcon.meta'], base_paths=['.'], packages_ignore=None, packages_ignore_regex=None, paths=None, packages_up_to=None, packages_up_to_regex=None, packages_above=None, packages_above_and_dependencies=None, packages_above_depth=None, packages_select_by_dep=None, packages_skip_by_dep=None, packages_skip_up_to=None, packages_select_build_failed=False, packages_skip_build_finished=False, packages_select_test_failures=False, packages_skip_test_passed=False, packages_select=None, packages_skip=None, packages_select_regex=None, packages_skip_regex=None, packages_start=None, packages_end=None, cmake_args=None, cmake_target=None, cmake_target_skip_unavailable=False, cmake_clean_cache=False, cmake_clean_first=False, cmake_force_configure=False, ament_cmake_args=None, catkin_cmake_args=None, catkin_skip_building_tests=False, mixin_files=None, mixin=None, verb_parser=<colcon_mixin.mixin.mixin_argument.MixinArgumentDecorator object at 0x7119e2124200>, verb_extension=<colcon_core.verb.build.BuildVerb object at 0x7119e2278080>, main=<bound method BuildVerb.main of <colcon_core.verb.build.BuildVerb object at 0x7119e2278080>>, mixin_verb=('build',))
[0.160s] Level 1:colcon.colcon_core.package_discovery:discover_packages(colcon_meta) check parameters
[0.161s] INFO:colcon.colcon_metadata.package_discovery.colcon_meta:Using configuration from '/root/.colcon/metadata/default/Gazebo.meta'
[0.161s] INFO:colcon.colcon_metadata.package_discovery.colcon_meta:Using configuration from '/root/.colcon/metadata/default/fastdds.meta'
[0.161s] INFO:colcon.colcon_metadata.package_discovery.colcon_meta:Using configuration from '/root/.colcon/metadata/default/fastrtps.meta'
[0.162s] Level 1:colcon.colcon_core.package_discovery:discover_packages(recursive) check parameters
[0.162s] Level 1:colcon.colcon_core.package_discovery:discover_packages(ignore) check parameters
[0.162s] Level 1:colcon.colcon_core.package_discovery:discover_packages(path) check parameters
[0.162s] Level 1:colcon.colcon_core.package_discovery:discover_packages(colcon_meta) discover
[0.162s] Level 1:colcon.colcon_core.package_discovery:discover_packages(recursive) discover
[0.162s] INFO:colcon.colcon_core.package_discovery:Crawling recursively for packages in '/workspace/aliengo_competition/ros2_isaac_bridge/ros2_ws'
[0.162s] Level 1:colcon.colcon_core.package_identification:_identify(.) by extensions ['ignore', 'ignore_ament_install']
[0.162s] Level 1:colcon.colcon_core.package_identification:_identify(.) by extension 'ignore'
[0.162s] Level 1:colcon.colcon_core.package_identification:_identify(.) by extension 'ignore_ament_install'
[0.162s] Level 1:colcon.colcon_core.package_identification:_identify(.) by extensions ['colcon_pkg']
[0.162s] Level 1:colcon.colcon_core.package_identification:_identify(.) by extension 'colcon_pkg'
[0.162s] Level 1:colcon.colcon_core.package_identification:_identify(.) by extensions ['colcon_meta']
[0.162s] Level 1:colcon.colcon_core.package_identification:_identify(.) by extension 'colcon_meta'
[0.162s] Level 1:colcon.colcon_core.package_identification:_identify(.) by extensions ['ros']
[0.162s] Level 1:colcon.colcon_core.package_identification:_identify(.) by extension 'ros'
[0.184s] Level 1:colcon.colcon_core.package_identification:_identify(.) by extensions ['cmake', 'python']
[0.184s] Level 1:colcon.colcon_core.package_identification:_identify(.) by extension 'cmake'
[0.184s] Level 1:colcon.colcon_core.package_identification:_identify(.) by extension 'python'
[0.184s] Level 1:colcon.colcon_core.package_identification:_identify(.) by extensions ['python_setup_py']
[0.184s] Level 1:colcon.colcon_core.package_identification:_identify(.) by extension 'python_setup_py'
[0.184s] Level 1:colcon.colcon_core.package_identification:_identify(build) by extensions ['ignore', 'ignore_ament_install']
[0.184s] Level 1:colcon.colcon_core.package_identification:_identify(build) by extension 'ignore'
[0.184s] Level 1:colcon.colcon_core.package_identification:_identify(build) ignored
[0.184s] Level 1:colcon.colcon_core.package_identification:_identify(install) by extensions ['ignore', 'ignore_ament_install']
[0.184s] Level 1:colcon.colcon_core.package_identification:_identify(install) by extension 'ignore'
[0.184s] Level 1:colcon.colcon_core.package_identification:_identify(install) ignored
[0.184s] Level 1:colcon.colcon_core.package_identification:_identify(log) by extensions ['ignore', 'ignore_ament_install']
[0.184s] Level 1:colcon.colcon_core.package_identification:_identify(log) by extension 'ignore'
[0.184s] Level 1:colcon.colcon_core.package_identification:_identify(log) ignored
[0.185s] Level 1:colcon.colcon_core.package_identification:_identify(src) by extensions ['ignore', 'ignore_ament_install']
[0.185s] Level 1:colcon.colcon_core.package_identification:_identify(src) by extension 'ignore'
[0.185s] Level 1:colcon.colcon_core.package_identification:_identify(src) by extension 'ignore_ament_install'
[0.185s] Level 1:colcon.colcon_core.package_identification:_identify(src) by extensions ['colcon_pkg']
[0.185s] Level 1:colcon.colcon_core.package_identification:_identify(src) by extension 'colcon_pkg'
[0.185s] Level 1:colcon.colcon_core.package_identification:_identify(src) by extensions ['colcon_meta']
[0.185s] Level 1:colcon.colcon_core.package_identification:_identify(src) by extension 'colcon_meta'
[0.185s] Level 1:colcon.colcon_core.package_identification:_identify(src) by extensions ['ros']
[0.185s] Level 1:colcon.colcon_core.package_identification:_identify(src) by extension 'ros'
[0.185s] Level 1:colcon.colcon_core.package_identification:_identify(src) by extensions ['cmake', 'python']
[0.185s] Level 1:colcon.colcon_core.package_identification:_identify(src) by extension 'cmake'
[0.185s] Level 1:colcon.colcon_core.package_identification:_identify(src) by extension 'python'
[0.185s] Level 1:colcon.colcon_core.package_identification:_identify(src) by extensions ['python_setup_py']
[0.185s] Level 1:colcon.colcon_core.package_identification:_identify(src) by extension 'python_setup_py'
[0.185s] Level 1:colcon.colcon_core.package_identification:_identify(src/ros2_bridge_pkg) by extensions ['ignore', 'ignore_ament_install']
[0.185s] Level 1:colcon.colcon_core.package_identification:_identify(src/ros2_bridge_pkg) by extension 'ignore'
[0.185s] Level 1:colcon.colcon_core.package_identification:_identify(src/ros2_bridge_pkg) by extension 'ignore_ament_install'
[0.185s] Level 1:colcon.colcon_core.package_identification:_identify(src/ros2_bridge_pkg) by extensions ['colcon_pkg']
[0.185s] Level 1:colcon.colcon_core.package_identification:_identify(src/ros2_bridge_pkg) by extension 'colcon_pkg'
[0.185s] Level 1:colcon.colcon_core.package_identification:_identify(src/ros2_bridge_pkg) by extensions ['colcon_meta']
[0.185s] Level 1:colcon.colcon_core.package_identification:_identify(src/ros2_bridge_pkg) by extension 'colcon_meta'
[0.185s] Level 1:colcon.colcon_core.package_identification:_identify(src/ros2_bridge_pkg) by extensions ['ros']
[0.185s] Level 1:colcon.colcon_core.package_identification:_identify(src/ros2_bridge_pkg) by extension 'ros'
[0.187s] DEBUG:colcon.colcon_core.package_identification:Package 'src/ros2_bridge_pkg' with type 'ros.ament_python' and name 'ros2_bridge_pkg'
[0.187s] Level 1:colcon.colcon_core.package_discovery:discover_packages(recursive) using defaults
[0.187s] Level 1:colcon.colcon_core.package_discovery:discover_packages(ignore) discover
[0.187s] Level 1:colcon.colcon_core.package_discovery:discover_packages(ignore) using defaults
[0.187s] Level 1:colcon.colcon_core.package_discovery:discover_packages(path) discover
[0.187s] Level 1:colcon.colcon_core.package_discovery:discover_packages(path) using defaults
[0.202s] Level 5:colcon.colcon_core.verb:set package 'ros2_bridge_pkg' build argument 'cmake_args' from command line to 'None'
[0.202s] Level 5:colcon.colcon_core.verb:set package 'ros2_bridge_pkg' build argument 'cmake_target' from command line to 'None'
[0.202s] Level 5:colcon.colcon_core.verb:set package 'ros2_bridge_pkg' build argument 'cmake_target_skip_unavailable' from command line to 'False'
[0.202s] Level 5:colcon.colcon_core.verb:set package 'ros2_bridge_pkg' build argument 'cmake_clean_cache' from command line to 'False'
[0.202s] Level 5:colcon.colcon_core.verb:set package 'ros2_bridge_pkg' build argument 'cmake_clean_first' from command line to 'False'
[0.202s] Level 5:colcon.colcon_core.verb:set package 'ros2_bridge_pkg' build argument 'cmake_force_configure' from command line to 'False'
[0.202s] Level 5:colcon.colcon_core.verb:set package 'ros2_bridge_pkg' build argument 'ament_cmake_args' from command line to 'None'
[0.202s] Level 5:colcon.colcon_core.verb:set package 'ros2_bridge_pkg' build argument 'catkin_cmake_args' from command line to 'None'
[0.202s] Level 5:colcon.colcon_core.verb:set package 'ros2_bridge_pkg' build argument 'catkin_skip_building_tests' from command line to 'False'
[0.202s] DEBUG:colcon.colcon_core.verb:Building package 'ros2_bridge_pkg' with the following arguments: {'ament_cmake_args': None, 'build_base': '/workspace/aliengo_competition/ros2_isaac_bridge/ros2_ws/build/ros2_bridge_pkg', 'catkin_cmake_args': None, 'catkin_skip_building_tests': False, 'cmake_args': None, 'cmake_clean_cache': False, 'cmake_clean_first': False, 'cmake_force_configure': False, 'cmake_target': None, 'cmake_target_skip_unavailable': False, 'install_base': '/workspace/aliengo_competition/ros2_isaac_bridge/ros2_ws/install/ros2_bridge_pkg', 'merge_install': False, 'path': '/workspace/aliengo_competition/ros2_isaac_bridge/ros2_ws/src/ros2_bridge_pkg', 'symlink_install': True, 'test_result_base': None}
[0.202s] INFO:colcon.colcon_core.executor:Executing jobs using 'parallel' executor
[0.202s] DEBUG:colcon.colcon_parallel_executor.executor.parallel:run_until_complete
[0.203s] INFO:colcon.colcon_ros.task.ament_python.build:Building ROS package in '/workspace/aliengo_competition/ros2_isaac_bridge/ros2_ws/src/ros2_bridge_pkg' with build type 'ament_python'
[0.203s] Level 1:colcon.colcon_core.shell:create_environment_hook('ros2_bridge_pkg', 'ament_prefix_path')
[0.204s] INFO:colcon.colcon_core.plugin_system:Skipping extension 'colcon_core.shell.bat': Not used on non-Windows systems
[0.205s] INFO:colcon.colcon_core.shell:Creating environment hook '/workspace/aliengo_competition/ros2_isaac_bridge/ros2_ws/install/ros2_bridge_pkg/share/ros2_bridge_pkg/hook/ament_prefix_path.ps1'
[0.205s] INFO:colcon.colcon_core.shell:Creating environment descriptor '/workspace/aliengo_competition/ros2_isaac_bridge/ros2_ws/install/ros2_bridge_pkg/share/ros2_bridge_pkg/hook/ament_prefix_path.dsv'
[0.205s] INFO:colcon.colcon_core.shell:Creating environment hook '/workspace/aliengo_competition/ros2_isaac_bridge/ros2_ws/install/ros2_bridge_pkg/share/ros2_bridge_pkg/hook/ament_prefix_path.sh'
[0.206s] INFO:colcon.colcon_core.shell:Skip shell extension 'powershell' for command environment: Not usable outside of PowerShell
[0.206s] DEBUG:colcon.colcon_core.shell:Skip shell extension 'dsv' for command environment
[0.372s] INFO:colcon.colcon_core.task.python.build:Building Python package in '/workspace/aliengo_competition/ros2_isaac_bridge/ros2_ws/src/ros2_bridge_pkg'
[0.372s] INFO:colcon.colcon_core.shell:Skip shell extension 'powershell' for command environment: Not usable outside of PowerShell
[0.372s] DEBUG:colcon.colcon_core.shell:Skip shell extension 'dsv' for command environment
[0.926s] DEBUG:colcon.colcon_core.event_handler.log_command:Invoking command in '/workspace/aliengo_competition/ros2_isaac_bridge/ros2_ws/build/ros2_bridge_pkg': PYTHONPATH=/workspace/aliengo_competition/ros2_isaac_bridge/ros2_ws/build/ros2_bridge_pkg/prefix_override:/usr/lib/python3/dist-packages/colcon_core/task/python/colcon_distutils_commands:/workspace/aliengo_competition/ros2_isaac_bridge/ros2_ws/install/ros2_bridge_pkg/lib/python3.12/site-packages:${PYTHONPATH} /usr/bin/python3 -W ignore:setup.py install is deprecated -W ignore:easy_install command is deprecated setup.py develop --editable --build-directory /workspace/aliengo_competition/ros2_isaac_bridge/ros2_ws/build/ros2_bridge_pkg/build --no-deps symlink_data --force
[1.419s] Level 1:colcon.colcon_core.shell:create_environment_hook('ros2_bridge_pkg', 'pythonpath_develop')
[1.419s] INFO:colcon.colcon_core.shell:Creating environment hook '/workspace/aliengo_competition/ros2_isaac_bridge/ros2_ws/build/ros2_bridge_pkg/share/ros2_bridge_pkg/hook/pythonpath_develop.ps1'
[1.420s] DEBUG:colcon.colcon_core.event_handler.log_command:Invoked command in '/workspace/aliengo_competition/ros2_isaac_bridge/ros2_ws/build/ros2_bridge_pkg' returned '0': PYTHONPATH=/workspace/aliengo_competition/ros2_isaac_bridge/ros2_ws/build/ros2_bridge_pkg/prefix_override:/usr/lib/python3/dist-packages/colcon_core/task/python/colcon_distutils_commands:/workspace/aliengo_competition/ros2_isaac_bridge/ros2_ws/install/ros2_bridge_pkg/lib/python3.12/site-packages:${PYTHONPATH} /usr/bin/python3 -W ignore:setup.py install is deprecated -W ignore:easy_install command is deprecated setup.py develop --editable --build-directory /workspace/aliengo_competition/ros2_isaac_bridge/ros2_ws/build/ros2_bridge_pkg/build --no-deps symlink_data --force
[1.453s] INFO:colcon.colcon_core.shell:Creating environment descriptor '/workspace/aliengo_competition/ros2_isaac_bridge/ros2_ws/build/ros2_bridge_pkg/share/ros2_bridge_pkg/hook/pythonpath_develop.dsv'
[1.453s] INFO:colcon.colcon_core.shell:Creating environment hook '/workspace/aliengo_competition/ros2_isaac_bridge/ros2_ws/build/ros2_bridge_pkg/share/ros2_bridge_pkg/hook/pythonpath_develop.sh'
[1.456s] Level 1:colcon.colcon_core.environment:checking '/workspace/aliengo_competition/ros2_isaac_bridge/ros2_ws/install/ros2_bridge_pkg' for CMake module files
[1.456s] Level 1:colcon.colcon_core.environment:checking '/workspace/aliengo_competition/ros2_isaac_bridge/ros2_ws/install/ros2_bridge_pkg' for CMake config files
[1.457s] Level 1:colcon.colcon_core.environment:checking '/workspace/aliengo_competition/ros2_isaac_bridge/ros2_ws/install/ros2_bridge_pkg/lib'
[1.457s] Level 1:colcon.colcon_core.environment:checking '/workspace/aliengo_competition/ros2_isaac_bridge/ros2_ws/install/ros2_bridge_pkg/bin'
[1.457s] Level 1:colcon.colcon_core.environment:checking '/workspace/aliengo_competition/ros2_isaac_bridge/ros2_ws/install/ros2_bridge_pkg/lib/pkgconfig/ros2_bridge_pkg.pc'
[1.457s] Level 1:colcon.colcon_core.environment:checking '/workspace/aliengo_competition/ros2_isaac_bridge/ros2_ws/install/ros2_bridge_pkg/lib/python3.12/site-packages'
[1.458s] Level 1:colcon.colcon_core.shell:create_environment_hook('ros2_bridge_pkg', 'pythonpath')
[1.458s] INFO:colcon.colcon_core.shell:Creating environment hook '/workspace/aliengo_competition/ros2_isaac_bridge/ros2_ws/install/ros2_bridge_pkg/share/ros2_bridge_pkg/hook/pythonpath.ps1'
[1.458s] INFO:colcon.colcon_core.shell:Creating environment descriptor '/workspace/aliengo_competition/ros2_isaac_bridge/ros2_ws/install/ros2_bridge_pkg/share/ros2_bridge_pkg/hook/pythonpath.dsv'
[1.458s] INFO:colcon.colcon_core.shell:Creating environment hook '/workspace/aliengo_competition/ros2_isaac_bridge/ros2_ws/install/ros2_bridge_pkg/share/ros2_bridge_pkg/hook/pythonpath.sh'
[1.459s] Level 1:colcon.colcon_core.environment:checking '/workspace/aliengo_competition/ros2_isaac_bridge/ros2_ws/install/ros2_bridge_pkg/bin'
[1.459s] Level 1:colcon.colcon_core.environment:create_environment_scripts_only(ros2_bridge_pkg)
[1.459s] INFO:colcon.colcon_core.shell:Creating package script '/workspace/aliengo_competition/ros2_isaac_bridge/ros2_ws/install/ros2_bridge_pkg/share/ros2_bridge_pkg/package.ps1'
[1.460s] INFO:colcon.colcon_core.shell:Creating package descriptor '/workspace/aliengo_competition/ros2_isaac_bridge/ros2_ws/install/ros2_bridge_pkg/share/ros2_bridge_pkg/package.dsv'
[1.460s] INFO:colcon.colcon_core.shell:Creating package script '/workspace/aliengo_competition/ros2_isaac_bridge/ros2_ws/install/ros2_bridge_pkg/share/ros2_bridge_pkg/package.sh'
[1.461s] INFO:colcon.colcon_core.shell:Creating package script '/workspace/aliengo_competition/ros2_isaac_bridge/ros2_ws/install/ros2_bridge_pkg/share/ros2_bridge_pkg/package.bash'
[1.461s] INFO:colcon.colcon_core.shell:Creating package script '/workspace/aliengo_competition/ros2_isaac_bridge/ros2_ws/install/ros2_bridge_pkg/share/ros2_bridge_pkg/package.zsh'
[1.462s] Level 1:colcon.colcon_core.environment:create_file_with_runtime_dependencies(/workspace/aliengo_competition/ros2_isaac_bridge/ros2_ws/install/ros2_bridge_pkg/share/colcon-core/packages/ros2_bridge_pkg)
[1.462s] DEBUG:colcon.colcon_parallel_executor.executor.parallel:closing loop
[1.463s] DEBUG:colcon.colcon_parallel_executor.executor.parallel:loop closed
[1.463s] DEBUG:colcon.colcon_parallel_executor.executor.parallel:run_until_complete finished with '0'
[1.463s] DEBUG:colcon.colcon_core.event_reactor:joining thread
[1.490s] INFO:colcon.colcon_core.plugin_system:Skipping extension 'colcon_notification.desktop_notification.notify_send': Could not find 'notify-send'
[1.490s] INFO:colcon.colcon_core.plugin_system:Skipping extension 'colcon_notification.desktop_notification.terminal_notifier': Not used on non-Darwin systems
[1.490s] INFO:colcon.colcon_core.plugin_system:Skipping extension 'colcon_notification.desktop_notification.win32': Not used on non-Windows systems
[1.490s] INFO:colcon.colcon_notification.desktop_notification:Sending desktop notification using 'notify2'
[1.495s] DEBUG:colcon.colcon_notification.desktop_notification.notify2:Failed to initialize notify2: org.freedesktop.DBus.Error.Spawn.ExecFailed: /usr/bin/dbus-launch terminated abnormally without any error message
[1.495s] DEBUG:colcon.colcon_core.event_reactor:joined thread
[1.495s] INFO:colcon.colcon_core.shell:Creating prefix script '/workspace/aliengo_competition/ros2_isaac_bridge/ros2_ws/install/local_setup.ps1'
[1.496s] INFO:colcon.colcon_core.shell:Creating prefix util module '/workspace/aliengo_competition/ros2_isaac_bridge/ros2_ws/install/_local_setup_util_ps1.py'
[1.497s] INFO:colcon.colcon_core.shell:Creating prefix chain script '/workspace/aliengo_competition/ros2_isaac_bridge/ros2_ws/install/setup.ps1'
[1.498s] INFO:colcon.colcon_core.shell:Creating prefix script '/workspace/aliengo_competition/ros2_isaac_bridge/ros2_ws/install/local_setup.sh'
[1.498s] INFO:colcon.colcon_core.shell:Creating prefix util module '/workspace/aliengo_competition/ros2_isaac_bridge/ros2_ws/install/_local_setup_util_sh.py'
[1.499s] INFO:colcon.colcon_core.shell:Creating prefix chain script '/workspace/aliengo_competition/ros2_isaac_bridge/ros2_ws/install/setup.sh'
[1.500s] INFO:colcon.colcon_core.shell:Creating prefix script '/workspace/aliengo_competition/ros2_isaac_bridge/ros2_ws/install/local_setup.bash'
[1.500s] INFO:colcon.colcon_core.shell:Creating prefix chain script '/workspace/aliengo_competition/ros2_isaac_bridge/ros2_ws/install/setup.bash'
[1.501s] INFO:colcon.colcon_core.shell:Creating prefix script '/workspace/aliengo_competition/ros2_isaac_bridge/ros2_ws/install/local_setup.zsh'
[1.501s] INFO:colcon.colcon_core.shell:Creating prefix chain script '/workspace/aliengo_competition/ros2_isaac_bridge/ros2_ws/install/setup.zsh'
