[0.631s] DEBUG:colcon:Command line arguments: ['/usr/bin/colcon', 'build', '--symlink-install']
[0.631s] DEBUG:colcon:Parsed command line arguments: Namespace(log_base=None, log_level=None, verb_name='build', build_base='build', install_base='install', merge_install=False, symlink_install=True, test_result_base=None, continue_on_error=False, executor='parallel', parallel_workers=12, event_handlers=None, ignore_user_meta=False, metas=['./colcon.meta'], base_paths=['.'], packages_ignore=None, packages_ignore_regex=None, paths=None, packages_up_to=None, packages_up_to_regex=None, packages_above=None, packages_above_and_dependencies=None, packages_above_depth=None, packages_select_by_dep=None, packages_skip_by_dep=None, packages_skip_up_to=None, packages_select_build_failed=False, packages_skip_build_finished=False, packages_select_test_failures=False, packages_skip_test_passed=False, packages_select=None, packages_skip=None, packages_select_regex=None, packages_skip_regex=None, packages_start=None, packages_end=None, cmake_args=None, cmake_target=None, cmake_target_skip_unavailable=False, cmake_clean_cache=False, cmake_clean_first=False, cmake_force_configure=False, ament_cmake_args=None, catkin_cmake_args=None, catkin_skip_building_tests=False, mixin_files=None, mixin=None, verb_parser=<colcon_mixin.mixin.mixin_argument.MixinArgumentDecorator object at 0x7f999dc6c7d0>, verb_extension=<colcon_core.verb.build.BuildVerb object at 0x7f999ddc9070>, main=<bound method BuildVerb.main of <colcon_core.verb.build.BuildVerb object at 0x7f999ddc9070>>, mixin_verb=('build',))
[0.748s] Level 1:colcon.colcon_core.package_discovery:discover_packages(colcon_meta) check parameters
[0.753s] INFO:colcon.colcon_metadata.package_discovery.colcon_meta:Using configuration from '/root/.colcon/metadata/default/Gazebo.meta'
[0.754s] INFO:colcon.colcon_metadata.package_discovery.colcon_meta:Using configuration from '/root/.colcon/metadata/default/fastdds.meta'
[0.757s] INFO:colcon.colcon_metadata.package_discovery.colcon_meta:Using configuration from '/root/.colcon/metadata/default/fastrtps.meta'
[0.757s] Level 1:colcon.colcon_core.package_discovery:discover_packages(recursive) check parameters
[0.757s] Level 1:colcon.colcon_core.package_discovery:discover_packages(ignore) check parameters
[0.757s] Level 1:colcon.colcon_core.package_discovery:discover_packages(path) check parameters
[0.757s] Level 1:colcon.colcon_core.package_discovery:discover_packages(colcon_meta) discover
[0.757s] Level 1:colcon.colcon_core.package_discovery:discover_packages(recursive) discover
[0.757s] INFO:colcon.colcon_core.package_discovery:Crawling recursively for packages in '/workspace/aliengo_competition/ros2_isaac_bridge/ros2_ws'
[0.757s] Level 1:colcon.colcon_core.package_identification:_identify(.) by extensions ['ignore', 'ignore_ament_install']
[0.757s] Level 1:colcon.colcon_core.package_identification:_identify(.) by extension 'ignore'
[0.757s] Level 1:colcon.colcon_core.package_identification:_identify(.) by extension 'ignore_ament_install'
[0.757s] Level 1:colcon.colcon_core.package_identification:_identify(.) by extensions ['colcon_pkg']
[0.757s] Level 1:colcon.colcon_core.package_identification:_identify(.) by extension 'colcon_pkg'
[0.757s] Level 1:colcon.colcon_core.package_identification:_identify(.) by extensions ['colcon_meta']
[0.758s] Level 1:colcon.colcon_core.package_identification:_identify(.) by extension 'colcon_meta'
[0.758s] Level 1:colcon.colcon_core.package_identification:_identify(.) by extensions ['ros']
[0.758s] Level 1:colcon.colcon_core.package_identification:_identify(.) by extension 'ros'
[1.707s] Level 1:colcon.colcon_core.package_identification:_identify(.) by extensions ['cmake', 'python']
[1.707s] Level 1:colcon.colcon_core.package_identification:_identify(.) by extension 'cmake'
[1.707s] Level 1:colcon.colcon_core.package_identification:_identify(.) by extension 'python'
[1.707s] Level 1:colcon.colcon_core.package_identification:_identify(.) by extensions ['python_setup_py']
[1.707s] Level 1:colcon.colcon_core.package_identification:_identify(.) by extension 'python_setup_py'
[1.708s] Level 1:colcon.colcon_core.package_identification:_identify(build) by extensions ['ignore', 'ignore_ament_install']
[1.708s] Level 1:colcon.colcon_core.package_identification:_identify(build) by extension 'ignore'
[1.708s] Level 1:colcon.colcon_core.package_identification:_identify(build) ignored
[1.708s] Level 1:colcon.colcon_core.package_identification:_identify(install) by extensions ['ignore', 'ignore_ament_install']
[1.708s] Level 1:colcon.colcon_core.package_identification:_identify(install) by extension 'ignore'
[1.708s] Level 1:colcon.colcon_core.package_identification:_identify(install) ignored
[1.708s] Level 1:colcon.colcon_core.package_identification:_identify(log) by extensions ['ignore', 'ignore_ament_install']
[1.709s] Level 1:colcon.colcon_core.package_identification:_identify(log) by extension 'ignore'
[1.709s] Level 1:colcon.colcon_core.package_identification:_identify(log) ignored
[1.709s] Level 1:colcon.colcon_core.package_identification:_identify(src) by extensions ['ignore', 'ignore_ament_install']
[1.709s] Level 1:colcon.colcon_core.package_identification:_identify(src) by extension 'ignore'
[1.709s] Level 1:colcon.colcon_core.package_identification:_identify(src) by extension 'ignore_ament_install'
[1.709s] Level 1:colcon.colcon_core.package_identification:_identify(src) by extensions ['colcon_pkg']
[1.709s] Level 1:colcon.colcon_core.package_identification:_identify(src) by extension 'colcon_pkg'
[1.709s] Level 1:colcon.colcon_core.package_identification:_identify(src) by extensions ['colcon_meta']
[1.709s] Level 1:colcon.colcon_core.package_identification:_identify(src) by extension 'colcon_meta'
[1.709s] Level 1:colcon.colcon_core.package_identification:_identify(src) by extensions ['ros']
[1.709s] Level 1:colcon.colcon_core.package_identification:_identify(src) by extension 'ros'
[1.709s] Level 1:colcon.colcon_core.package_identification:_identify(src) by extensions ['cmake', 'python']
[1.709s] Level 1:colcon.colcon_core.package_identification:_identify(src) by extension 'cmake'
[1.709s] Level 1:colcon.colcon_core.package_identification:_identify(src) by extension 'python'
[1.710s] Level 1:colcon.colcon_core.package_identification:_identify(src) by extensions ['python_setup_py']
[1.710s] Level 1:colcon.colcon_core.package_identification:_identify(src) by extension 'python_setup_py'
[1.710s] Level 1:colcon.colcon_core.package_identification:_identify(src/ros2_bridge_pkg) by extensions ['ignore', 'ignore_ament_install']
[1.710s] Level 1:colcon.colcon_core.package_identification:_identify(src/ros2_bridge_pkg) by extension 'ignore'
[1.710s] Level 1:colcon.colcon_core.package_identification:_identify(src/ros2_bridge_pkg) by extension 'ignore_ament_install'
[1.710s] Level 1:colcon.colcon_core.package_identification:_identify(src/ros2_bridge_pkg) by extensions ['colcon_pkg']
[1.710s] Level 1:colcon.colcon_core.package_identification:_identify(src/ros2_bridge_pkg) by extension 'colcon_pkg'
[1.710s] Level 1:colcon.colcon_core.package_identification:_identify(src/ros2_bridge_pkg) by extensions ['colcon_meta']
[1.710s] Level 1:colcon.colcon_core.package_identification:_identify(src/ros2_bridge_pkg) by extension 'colcon_meta'
[1.710s] Level 1:colcon.colcon_core.package_identification:_identify(src/ros2_bridge_pkg) by extensions ['ros']
[1.710s] Level 1:colcon.colcon_core.package_identification:_identify(src/ros2_bridge_pkg) by extension 'ros'
[1.714s] DEBUG:colcon.colcon_core.package_identification:Package 'src/ros2_bridge_pkg' with type 'ros.ament_python' and name 'ros2_bridge_pkg'
[1.714s] Level 1:colcon.colcon_core.package_discovery:discover_packages(recursive) using defaults
[1.715s] Level 1:colcon.colcon_core.package_discovery:discover_packages(ignore) discover
[1.715s] Level 1:colcon.colcon_core.package_discovery:discover_packages(ignore) using defaults
[1.715s] Level 1:colcon.colcon_core.package_discovery:discover_packages(path) discover
[1.715s] Level 1:colcon.colcon_core.package_discovery:discover_packages(path) using defaults
[1.834s] Level 5:colcon.colcon_core.verb:set package 'ros2_bridge_pkg' build argument 'cmake_args' from command line to 'None'
[1.834s] Level 5:colcon.colcon_core.verb:set package 'ros2_bridge_pkg' build argument 'cmake_target' from command line to 'None'
[1.834s] Level 5:colcon.colcon_core.verb:set package 'ros2_bridge_pkg' build argument 'cmake_target_skip_unavailable' from command line to 'False'
[1.834s] Level 5:colcon.colcon_core.verb:set package 'ros2_bridge_pkg' build argument 'cmake_clean_cache' from command line to 'False'
[1.834s] Level 5:colcon.colcon_core.verb:set package 'ros2_bridge_pkg' build argument 'cmake_clean_first' from command line to 'False'
[1.834s] Level 5:colcon.colcon_core.verb:set package 'ros2_bridge_pkg' build argument 'cmake_force_configure' from command line to 'False'
[1.835s] Level 5:colcon.colcon_core.verb:set package 'ros2_bridge_pkg' build argument 'ament_cmake_args' from command line to 'None'
[1.835s] Level 5:colcon.colcon_core.verb:set package 'ros2_bridge_pkg' build argument 'catkin_cmake_args' from command line to 'None'
[1.835s] Level 5:colcon.colcon_core.verb:set package 'ros2_bridge_pkg' build argument 'catkin_skip_building_tests' from command line to 'False'
[1.835s] DEBUG:colcon.colcon_core.verb:Building package 'ros2_bridge_pkg' with the following arguments: {'ament_cmake_args': None, 'build_base': '/workspace/aliengo_competition/ros2_isaac_bridge/ros2_ws/build/ros2_bridge_pkg', 'catkin_cmake_args': None, 'catkin_skip_building_tests': False, 'cmake_args': None, 'cmake_clean_cache': False, 'cmake_clean_first': False, 'cmake_force_configure': False, 'cmake_target': None, 'cmake_target_skip_unavailable': False, 'install_base': '/workspace/aliengo_competition/ros2_isaac_bridge/ros2_ws/install/ros2_bridge_pkg', 'merge_install': False, 'path': '/workspace/aliengo_competition/ros2_isaac_bridge/ros2_ws/src/ros2_bridge_pkg', 'symlink_install': True, 'test_result_base': None}
[1.835s] INFO:colcon.colcon_core.executor:Executing jobs using 'parallel' executor
[1.836s] DEBUG:colcon.colcon_parallel_executor.executor.parallel:run_until_complete
[1.836s] INFO:colcon.colcon_ros.task.ament_python.build:Building ROS package in '/workspace/aliengo_competition/ros2_isaac_bridge/ros2_ws/src/ros2_bridge_pkg' with build type 'ament_python'
[1.836s] Level 1:colcon.colcon_core.shell:create_environment_hook('ros2_bridge_pkg', 'ament_prefix_path')
[1.841s] INFO:colcon.colcon_core.plugin_system:Skipping extension 'colcon_core.shell.bat': Not used on non-Windows systems
[1.842s] INFO:colcon.colcon_core.shell:Creating environment hook '/workspace/aliengo_competition/ros2_isaac_bridge/ros2_ws/install/ros2_bridge_pkg/share/ros2_bridge_pkg/hook/ament_prefix_path.ps1'
[1.843s] INFO:colcon.colcon_core.shell:Creating environment descriptor '/workspace/aliengo_competition/ros2_isaac_bridge/ros2_ws/install/ros2_bridge_pkg/share/ros2_bridge_pkg/hook/ament_prefix_path.dsv'
[1.843s] INFO:colcon.colcon_core.shell:Creating environment hook '/workspace/aliengo_competition/ros2_isaac_bridge/ros2_ws/install/ros2_bridge_pkg/share/ros2_bridge_pkg/hook/ament_prefix_path.sh'
[1.844s] INFO:colcon.colcon_core.shell:Skip shell extension 'powershell' for command environment: Not usable outside of PowerShell
[1.844s] DEBUG:colcon.colcon_core.shell:Skip shell extension 'dsv' for command environment
[2.035s] INFO:colcon.colcon_core.task.python.build:Building Python package in '/workspace/aliengo_competition/ros2_isaac_bridge/ros2_ws/src/ros2_bridge_pkg'
[2.035s] INFO:colcon.colcon_core.shell:Skip shell extension 'powershell' for command environment: Not usable outside of PowerShell
[2.035s] DEBUG:colcon.colcon_core.shell:Skip shell extension 'dsv' for command environment
[2.928s] DEBUG:colcon.colcon_core.event_handler.log_command:Invoking command in '/workspace/aliengo_competition/ros2_isaac_bridge/ros2_ws/build/ros2_bridge_pkg': PYTHONPATH=/workspace/aliengo_competition/ros2_isaac_bridge/ros2_ws/build/ros2_bridge_pkg/prefix_override:/usr/lib/python3/dist-packages/colcon_core/task/python/colcon_distutils_commands:/workspace/aliengo_competition/ros2_isaac_bridge/ros2_ws/install/ros2_bridge_pkg/lib/python3.12/site-packages:${PYTHONPATH} /usr/bin/python3 -W ignore:setup.py install is deprecated -W ignore:easy_install command is deprecated setup.py develop --editable --build-directory /workspace/aliengo_competition/ros2_isaac_bridge/ros2_ws/build/ros2_bridge_pkg/build --no-deps symlink_data
[3.507s] Level 1:colcon.colcon_core.shell:create_environment_hook('ros2_bridge_pkg', 'pythonpath_develop')
[3.507s] INFO:colcon.colcon_core.shell:Creating environment hook '/workspace/aliengo_competition/ros2_isaac_bridge/ros2_ws/build/ros2_bridge_pkg/share/ros2_bridge_pkg/hook/pythonpath_develop.ps1'
[3.508s] DEBUG:colcon.colcon_core.event_handler.log_command:Invoked command in '/workspace/aliengo_competition/ros2_isaac_bridge/ros2_ws/build/ros2_bridge_pkg' returned '0': PYTHONPATH=/workspace/aliengo_competition/ros2_isaac_bridge/ros2_ws/build/ros2_bridge_pkg/prefix_override:/usr/lib/python3/dist-packages/colcon_core/task/python/colcon_distutils_commands:/workspace/aliengo_competition/ros2_isaac_bridge/ros2_ws/install/ros2_bridge_pkg/lib/python3.12/site-packages:${PYTHONPATH} /usr/bin/python3 -W ignore:setup.py install is deprecated -W ignore:easy_install command is deprecated setup.py develop --editable --build-directory /workspace/aliengo_competition/ros2_isaac_bridge/ros2_ws/build/ros2_bridge_pkg/build --no-deps symlink_data
[3.508s] INFO:colcon.colcon_core.shell:Creating environment descriptor '/workspace/aliengo_competition/ros2_isaac_bridge/ros2_ws/build/ros2_bridge_pkg/share/ros2_bridge_pkg/hook/pythonpath_develop.dsv'
[3.509s] INFO:colcon.colcon_core.shell:Creating environment hook '/workspace/aliengo_competition/ros2_isaac_bridge/ros2_ws/build/ros2_bridge_pkg/share/ros2_bridge_pkg/hook/pythonpath_develop.sh'
[3.598s] Level 1:colcon.colcon_core.environment:checking '/workspace/aliengo_competition/ros2_isaac_bridge/ros2_ws/install/ros2_bridge_pkg' for CMake module files
[3.599s] Level 1:colcon.colcon_core.environment:checking '/workspace/aliengo_competition/ros2_isaac_bridge/ros2_ws/install/ros2_bridge_pkg' for CMake config files
[3.600s] Level 1:colcon.colcon_core.environment:checking '/workspace/aliengo_competition/ros2_isaac_bridge/ros2_ws/install/ros2_bridge_pkg/lib'
[3.600s] Level 1:colcon.colcon_core.environment:checking '/workspace/aliengo_competition/ros2_isaac_bridge/ros2_ws/install/ros2_bridge_pkg/bin'
[3.601s] Level 1:colcon.colcon_core.environment:checking '/workspace/aliengo_competition/ros2_isaac_bridge/ros2_ws/install/ros2_bridge_pkg/lib/pkgconfig/ros2_bridge_pkg.pc'
[3.601s] Level 1:colcon.colcon_core.environment:checking '/workspace/aliengo_competition/ros2_isaac_bridge/ros2_ws/install/ros2_bridge_pkg/lib/python3.12/site-packages'
[3.601s] Level 1:colcon.colcon_core.shell:create_environment_hook('ros2_bridge_pkg', 'pythonpath')
[3.601s] INFO:colcon.colcon_core.shell:Creating environment hook '/workspace/aliengo_competition/ros2_isaac_bridge/ros2_ws/install/ros2_bridge_pkg/share/ros2_bridge_pkg/hook/pythonpath.ps1'
[3.602s] INFO:colcon.colcon_core.shell:Creating environment descriptor '/workspace/aliengo_competition/ros2_isaac_bridge/ros2_ws/install/ros2_bridge_pkg/share/ros2_bridge_pkg/hook/pythonpath.dsv'
[3.603s] INFO:colcon.colcon_core.shell:Creating environment hook '/workspace/aliengo_competition/ros2_isaac_bridge/ros2_ws/install/ros2_bridge_pkg/share/ros2_bridge_pkg/hook/pythonpath.sh'
[3.604s] Level 1:colcon.colcon_core.environment:checking '/workspace/aliengo_competition/ros2_isaac_bridge/ros2_ws/install/ros2_bridge_pkg/bin'
[3.604s] Level 1:colcon.colcon_core.environment:create_environment_scripts_only(ros2_bridge_pkg)
[3.604s] INFO:colcon.colcon_core.shell:Creating package script '/workspace/aliengo_competition/ros2_isaac_bridge/ros2_ws/install/ros2_bridge_pkg/share/ros2_bridge_pkg/package.ps1'
[3.605s] INFO:colcon.colcon_core.shell:Creating package descriptor '/workspace/aliengo_competition/ros2_isaac_bridge/ros2_ws/install/ros2_bridge_pkg/share/ros2_bridge_pkg/package.dsv'
[3.619s] INFO:colcon.colcon_core.shell:Creating package script '/workspace/aliengo_competition/ros2_isaac_bridge/ros2_ws/install/ros2_bridge_pkg/share/ros2_bridge_pkg/package.sh'
[3.653s] INFO:colcon.colcon_core.shell:Creating package script '/workspace/aliengo_competition/ros2_isaac_bridge/ros2_ws/install/ros2_bridge_pkg/share/ros2_bridge_pkg/package.bash'
[3.654s] INFO:colcon.colcon_core.shell:Creating package script '/workspace/aliengo_competition/ros2_isaac_bridge/ros2_ws/install/ros2_bridge_pkg/share/ros2_bridge_pkg/package.zsh'
[3.681s] Level 1:colcon.colcon_core.environment:create_file_with_runtime_dependencies(/workspace/aliengo_competition/ros2_isaac_bridge/ros2_ws/install/ros2_bridge_pkg/share/colcon-core/packages/ros2_bridge_pkg)
[3.682s] DEBUG:colcon.colcon_parallel_executor.executor.parallel:closing loop
[3.682s] DEBUG:colcon.colcon_parallel_executor.executor.parallel:loop closed
[3.682s] DEBUG:colcon.colcon_parallel_executor.executor.parallel:run_until_complete finished with '0'
[3.682s] DEBUG:colcon.colcon_core.event_reactor:joining thread
[3.725s] INFO:colcon.colcon_core.plugin_system:Skipping extension 'colcon_notification.desktop_notification.notify_send': Could not find 'notify-send'
[3.725s] INFO:colcon.colcon_core.plugin_system:Skipping extension 'colcon_notification.desktop_notification.terminal_notifier': Not used on non-Darwin systems
[3.725s] INFO:colcon.colcon_core.plugin_system:Skipping extension 'colcon_notification.desktop_notification.win32': Not used on non-Windows systems
[3.725s] INFO:colcon.colcon_notification.desktop_notification:Sending desktop notification using 'notify2'
[3.728s] DEBUG:colcon.colcon_notification.desktop_notification.notify2:Failed to initialize notify2: org.freedesktop.DBus.Error.Spawn.ExecFailed: /usr/bin/dbus-launch terminated abnormally without any error message
[3.729s] DEBUG:colcon.colcon_core.event_reactor:joined thread
[3.729s] INFO:colcon.colcon_core.shell:Creating prefix script '/workspace/aliengo_competition/ros2_isaac_bridge/ros2_ws/install/local_setup.ps1'
[3.730s] INFO:colcon.colcon_core.shell:Creating prefix util module '/workspace/aliengo_competition/ros2_isaac_bridge/ros2_ws/install/_local_setup_util_ps1.py'
[3.734s] INFO:colcon.colcon_core.shell:Creating prefix chain script '/workspace/aliengo_competition/ros2_isaac_bridge/ros2_ws/install/setup.ps1'
[3.735s] INFO:colcon.colcon_core.shell:Creating prefix script '/workspace/aliengo_competition/ros2_isaac_bridge/ros2_ws/install/local_setup.sh'
[3.736s] INFO:colcon.colcon_core.shell:Creating prefix util module '/workspace/aliengo_competition/ros2_isaac_bridge/ros2_ws/install/_local_setup_util_sh.py'
[3.736s] INFO:colcon.colcon_core.shell:Creating prefix chain script '/workspace/aliengo_competition/ros2_isaac_bridge/ros2_ws/install/setup.sh'
[3.737s] INFO:colcon.colcon_core.shell:Creating prefix script '/workspace/aliengo_competition/ros2_isaac_bridge/ros2_ws/install/local_setup.bash'
[3.737s] INFO:colcon.colcon_core.shell:Creating prefix chain script '/workspace/aliengo_competition/ros2_isaac_bridge/ros2_ws/install/setup.bash'
[3.738s] INFO:colcon.colcon_core.shell:Creating prefix script '/workspace/aliengo_competition/ros2_isaac_bridge/ros2_ws/install/local_setup.zsh'
[3.739s] INFO:colcon.colcon_core.shell:Creating prefix chain script '/workspace/aliengo_competition/ros2_isaac_bridge/ros2_ws/install/setup.zsh'
